<?xml version="1.0" encoding="UTF-8"?>
<coverage generated="1557834935043" clover="3.2.0">
  <project timestamp="1557834935044" name="All files">
    <metrics statements="5" coveredstatements="5" conditionals="10" coveredconditionals="10" methods="1" coveredmethods="1" elements="16" coveredelements="16" complexity="0" loc="5" ncloc="5" packages="2" files="2" classes="2"/>
    <package name="Assets.Images">
      <metrics statements="1" coveredstatements="1" conditionals="0" coveredconditionals="0" methods="0" coveredmethods="0"/>
      <file name="pankod-dark.png" path="/Users/pankod/Documents/projects/project-splash/src/Assets/Images/pankod-dark.png">
        <metrics statements="1" coveredstatements="1" conditionals="0" coveredconditionals="0" methods="0" coveredmethods="0"/>
        <line num="1" count="1" type="stmt"/>
      </file>
    </package>
    <package name="Components.Splash">
      <metrics statements="4" coveredstatements="4" conditionals="10" coveredconditionals="10" methods="1" coveredmethods="1"/>
      <file name="index.tsx" path="/Users/pankod/Documents/projects/project-splash/src/Components/Splash/index.tsx">
        <metrics statements="4" coveredstatements="4" conditionals="10" coveredconditionals="10" methods="1" coveredmethods="1"/>
        <line num="1" count="1" type="stmt"/>
        <line num="2" count="1" type="stmt"/>
        <line num="23" count="1" type="stmt"/>
        <line num="24" count="20" type="stmt"/>
      </file>
    </package>
  </project>
</coverage>
