TN:
SF:/Users/pankod/Documents/projects/project-splash/src/Assets/Images/pankod-dark.png
FNF:0
FNH:0
DA:1,1
LF:1
LH:1
BRF:0
BRH:0
end_of_record
TN:
SF:/Users/pankod/Documents/projects/project-splash/src/Components/Splash/index.tsx
FN:23,(anonymous_0)
FNF:1
FNH:1
FNDA:20,(anonymous_0)
DA:1,1
DA:2,1
DA:23,1
DA:24,20
LF:4
LH:4
BRDA:25,0,0,10
BRDA:25,0,1,10
BRDA:25,1,0,20
BRDA:25,1,1,10
BRDA:29,2,0,20
BRDA:29,2,1,10
BRDA:30,3,0,20
BRDA:30,3,1,10
BRDA:31,4,0,20
BRDA:31,4,1,10
BRF:10
BRH:10
end_of_record
